
Cadence Innovus(TM) Implementation System.
Copyright 2016 Cadence Design Systems, Inc. All rights reserved worldwide.

Version:	v16.21-s078_1, built Fri Jan 20 14:00:53 PST 2017
Options:	
Date:		Fri Jun 15 11:22:31 2018
Host:		cad1 (x86_64 w/Linux 2.6.32-696.el6.x86_64) (4cores*8cpus*Intel(R) Core(TM) i7-4790 CPU @ 3.60GHz 8192KB)
OS:		CentOS release 6.9 (Final)

License:
		invs	Innovus Implementation System	16.2	checkout succeeded
		8 CPU jobs allowed with the current license(s). Use setMultiCpuUsage to set your required CPU count.

**INFO:  MMMC transition support version v31-84 

<CMD> set_global _enable_mmmc_by_default_flow      $CTE::mmmc_default
<CMD> suppressMessage ENCEXT-2799
<CMD> getDrawView
<CMD> loadWorkspace -name Physical
<CMD> win
**ERROR: (IMPSYT-16088):	Specify the name of Library Set.
<CMD> set init_gnd_net VSS
<CMD> set init_lef_file ~matutani/lib/cells.lef
<CMD> set init_verilog mips.v
<CMD> set init_mmmc_file Default.view
<CMD> set init_top_cell mips
<CMD> set init_pwr_net VDD
<CMD> init_design
#- Begin Load MMMC data ... (date=06/15 11:26:59, mem=530.8M)
#- End Load MMMC data ... (date=06/15 11:26:59, total cpu=0:00:00.0, real=0:00:00.0, peak res=91.9M, current mem=530.8M)

Loading LEF file /home/staff2/matutani/lib/cells.lef ...
Set DBUPerIGU to M2 pitch 380.

viaInitial starts at Fri Jun 15 11:26:59 2018
viaInitial ends at Fri Jun 15 11:26:59 2018
Loading view definition file from Default.view
Reading default timing library '/home/staff2/matutani/VLSI12/NangateOpenCellLibrary_PDKv1_3_v2010_12/Front_End/Liberty/CCS/NangateOpenCellLibrary_slow_ccs.lib' ...
**WARN: (TECHLIB-436):	Attribute 'max_fanout' on 'output/inout' pin 'ZN' of cell 'AND2_X1' is not defined in the library. (File /home/staff2/matutani/VLSI12/NangateOpenCellLibrary_PDKv1_3_v2010_12/Front_End/Liberty/CCS/NangateOpenCellLibrary_slow_ccs.lib)
**WARN: (TECHLIB-436):	Attribute 'max_fanout' on 'output/inout' pin 'ZN' of cell 'AND2_X2' is not defined in the library. (File /home/staff2/matutani/VLSI12/NangateOpenCellLibrary_PDKv1_3_v2010_12/Front_End/Liberty/CCS/NangateOpenCellLibrary_slow_ccs.lib)
**WARN: (TECHLIB-436):	Attribute 'max_fanout' on 'output/inout' pin 'ZN' of cell 'AND2_X4' is not defined in the library. (File /home/staff2/matutani/VLSI12/NangateOpenCellLibrary_PDKv1_3_v2010_12/Front_End/Liberty/CCS/NangateOpenCellLibrary_slow_ccs.lib)
**WARN: (TECHLIB-436):	Attribute 'max_fanout' on 'output/inout' pin 'ZN' of cell 'AND3_X1' is not defined in the library. (File /home/staff2/matutani/VLSI12/NangateOpenCellLibrary_PDKv1_3_v2010_12/Front_End/Liberty/CCS/NangateOpenCellLibrary_slow_ccs.lib)
**WARN: (TECHLIB-436):	Attribute 'max_fanout' on 'output/inout' pin 'ZN' of cell 'AND3_X2' is not defined in the library. (File /home/staff2/matutani/VLSI12/NangateOpenCellLibrary_PDKv1_3_v2010_12/Front_End/Liberty/CCS/NangateOpenCellLibrary_slow_ccs.lib)
**WARN: (TECHLIB-436):	Attribute 'max_fanout' on 'output/inout' pin 'ZN' of cell 'AND3_X4' is not defined in the library. (File /home/staff2/matutani/VLSI12/NangateOpenCellLibrary_PDKv1_3_v2010_12/Front_End/Liberty/CCS/NangateOpenCellLibrary_slow_ccs.lib)
**WARN: (TECHLIB-436):	Attribute 'max_fanout' on 'output/inout' pin 'ZN' of cell 'AND4_X1' is not defined in the library. (File /home/staff2/matutani/VLSI12/NangateOpenCellLibrary_PDKv1_3_v2010_12/Front_End/Liberty/CCS/NangateOpenCellLibrary_slow_ccs.lib)
**WARN: (TECHLIB-436):	Attribute 'max_fanout' on 'output/inout' pin 'ZN' of cell 'AND4_X2' is not defined in the library. (File /home/staff2/matutani/VLSI12/NangateOpenCellLibrary_PDKv1_3_v2010_12/Front_End/Liberty/CCS/NangateOpenCellLibrary_slow_ccs.lib)
**WARN: (TECHLIB-436):	Attribute 'max_fanout' on 'output/inout' pin 'ZN' of cell 'AND4_X4' is not defined in the library. (File /home/staff2/matutani/VLSI12/NangateOpenCellLibrary_PDKv1_3_v2010_12/Front_End/Liberty/CCS/NangateOpenCellLibrary_slow_ccs.lib)
**WARN: (TECHLIB-436):	Attribute 'max_fanout' on 'output/inout' pin 'ZN' of cell 'AOI21_X1' is not defined in the library. (File /home/staff2/matutani/VLSI12/NangateOpenCellLibrary_PDKv1_3_v2010_12/Front_End/Liberty/CCS/NangateOpenCellLibrary_slow_ccs.lib)
**WARN: (TECHLIB-436):	Attribute 'max_fanout' on 'output/inout' pin 'ZN' of cell 'AOI21_X2' is not defined in the library. (File /home/staff2/matutani/VLSI12/NangateOpenCellLibrary_PDKv1_3_v2010_12/Front_End/Liberty/CCS/NangateOpenCellLibrary_slow_ccs.lib)
**WARN: (TECHLIB-436):	Attribute 'max_fanout' on 'output/inout' pin 'ZN' of cell 'AOI21_X4' is not defined in the library. (File /home/staff2/matutani/VLSI12/NangateOpenCellLibrary_PDKv1_3_v2010_12/Front_End/Liberty/CCS/NangateOpenCellLibrary_slow_ccs.lib)
**WARN: (TECHLIB-436):	Attribute 'max_fanout' on 'output/inout' pin 'ZN' of cell 'AOI22_X1' is not defined in the library. (File /home/staff2/matutani/VLSI12/NangateOpenCellLibrary_PDKv1_3_v2010_12/Front_End/Liberty/CCS/NangateOpenCellLibrary_slow_ccs.lib)
**WARN: (TECHLIB-436):	Attribute 'max_fanout' on 'output/inout' pin 'ZN' of cell 'AOI22_X2' is not defined in the library. (File /home/staff2/matutani/VLSI12/NangateOpenCellLibrary_PDKv1_3_v2010_12/Front_End/Liberty/CCS/NangateOpenCellLibrary_slow_ccs.lib)
**WARN: (TECHLIB-436):	Attribute 'max_fanout' on 'output/inout' pin 'ZN' of cell 'AOI22_X4' is not defined in the library. (File /home/staff2/matutani/VLSI12/NangateOpenCellLibrary_PDKv1_3_v2010_12/Front_End/Liberty/CCS/NangateOpenCellLibrary_slow_ccs.lib)
**WARN: (TECHLIB-436):	Attribute 'max_fanout' on 'output/inout' pin 'ZN' of cell 'AOI211_X1' is not defined in the library. (File /home/staff2/matutani/VLSI12/NangateOpenCellLibrary_PDKv1_3_v2010_12/Front_End/Liberty/CCS/NangateOpenCellLibrary_slow_ccs.lib)
**WARN: (TECHLIB-436):	Attribute 'max_fanout' on 'output/inout' pin 'ZN' of cell 'AOI211_X2' is not defined in the library. (File /home/staff2/matutani/VLSI12/NangateOpenCellLibrary_PDKv1_3_v2010_12/Front_End/Liberty/CCS/NangateOpenCellLibrary_slow_ccs.lib)
**WARN: (TECHLIB-436):	Attribute 'max_fanout' on 'output/inout' pin 'ZN' of cell 'AOI211_X4' is not defined in the library. (File /home/staff2/matutani/VLSI12/NangateOpenCellLibrary_PDKv1_3_v2010_12/Front_End/Liberty/CCS/NangateOpenCellLibrary_slow_ccs.lib)
**WARN: (TECHLIB-436):	Attribute 'max_fanout' on 'output/inout' pin 'ZN' of cell 'AOI221_X1' is not defined in the library. (File /home/staff2/matutani/VLSI12/NangateOpenCellLibrary_PDKv1_3_v2010_12/Front_End/Liberty/CCS/NangateOpenCellLibrary_slow_ccs.lib)
**WARN: (TECHLIB-436):	Attribute 'max_fanout' on 'output/inout' pin 'ZN' of cell 'AOI221_X2' is not defined in the library. (File /home/staff2/matutani/VLSI12/NangateOpenCellLibrary_PDKv1_3_v2010_12/Front_End/Liberty/CCS/NangateOpenCellLibrary_slow_ccs.lib)
Message <TECHLIB-436> has exceeded the message display limit of '20'. Use 'set_message -no_limit -id list_of_msgIDs' to reset the message limit.
Read 134 cells in library 'NangateOpenCellLibrary' 
*** End library_loading (cpu=0.00min, mem=0.0M, fe_cpu=0.49min, fe_real=4.48min, fe_mem=548.3M) ***
#- Begin Load netlist data ... (date=06/15 11:27:00, mem=548.3M)
*** Begin netlist parsing (mem=548.3M) ***
Created 134 new cells from 1 timing libraries.
Reading netlist ...
Backslashed names will retain backslash and a trailing blank character.
**ERROR: (IMPVL-209):	In Verilog file 'mips.v', check line 8 near the text # for the issue: 'syntax error'.  Update the text accordingly.
Type 'man IMPVL-209' for more detail.
**ERROR: (IMPVL-209):	In Verilog file 'mips.v', check line 8 near the text parameter for the issue: 'syntax error'.  Update the text accordingly.
Type 'man IMPVL-209' for more detail.
**ERROR: (IMPVL-209):	In Verilog file 'mips.v', check line 8 near the text WIDTH for the issue: 'syntax error'.  Update the text accordingly.
Type 'man IMPVL-209' for more detail.
**ERROR: (IMPVL-209):	In Verilog file 'mips.v', check line 8 near the text = for the issue: 'syntax error'.  Update the text accordingly.
Type 'man IMPVL-209' for more detail.
**ERROR: (IMPVL-209):	In Verilog file 'mips.v', check line 8 near the text 8 for the issue: 'syntax error'.  Update the text accordingly.
Type 'man IMPVL-209' for more detail.
**ERROR: (IMPVL-209):	In Verilog file 'mips.v', check line 8 near the text , for the issue: 'syntax error'.  Update the text accordingly.
Type 'man IMPVL-209' for more detail.
**ERROR: (IMPVL-209):	In Verilog file 'mips.v', check line 8 near the text REGBITS for the issue: 'syntax error'.  Update the text accordingly.
Type 'man IMPVL-209' for more detail.
**ERROR: (IMPVL-209):	In Verilog file 'mips.v', check line 8 near the text = for the issue: 'syntax error'.  Update the text accordingly.
Type 'man IMPVL-209' for more detail.
**ERROR: (IMPVL-209):	In Verilog file 'mips.v', check line 8 near the text 3 for the issue: 'syntax error'.  Update the text accordingly.
Type 'man IMPVL-209' for more detail.
**ERROR: (IMPVL-209):	In Verilog file 'mips.v', check line 8 near the text ) for the issue: 'syntax error'.  Update the text accordingly.
Type 'man IMPVL-209' for more detail.
**ERROR: (IMPVL-209):	In Verilog file 'mips.v', check line 9 near the text input for the issue: 'syntax error'.  Update the text accordingly.
Type 'man IMPVL-209' for more detail.
**ERROR: (IMPVL-209):	In Verilog file 'mips.v', check line 9 near the text clk for the issue: 'syntax error'.  Update the text accordingly.
Type 'man IMPVL-209' for more detail.
**ERROR: (IMPVL-209):	In Verilog file 'mips.v', check line 9 near the text , for the issue: 'syntax error'.  Update the text accordingly.
Type 'man IMPVL-209' for more detail.
**ERROR: (IMPVL-209):	In Verilog file 'mips.v', check line 9 near the text reset for the issue: 'syntax error'.  Update the text accordingly.
Type 'man IMPVL-209' for more detail.
**ERROR: (IMPVL-209):	In Verilog file 'mips.v', check line 9 near the text , for the issue: 'syntax error'.  Update the text accordingly.
Type 'man IMPVL-209' for more detail.
**ERROR: (IMPVL-209):	In Verilog file 'mips.v', check line 10 near the text input for the issue: 'syntax error'.  Update the text accordingly.
Type 'man IMPVL-209' for more detail.
**ERROR: (IMPVL-209):	In Verilog file 'mips.v', check line 10 near the text [ for the issue: 'syntax error'.  Update the text accordingly.
Type 'man IMPVL-209' for more detail.
**ERROR: (IMPVL-209):	In Verilog file 'mips.v', check line 10 near the text WIDTH for the issue: 'syntax error'.  Update the text accordingly.
Type 'man IMPVL-209' for more detail.
**ERROR: (IMPVL-209):	In Verilog file 'mips.v', check line 10 near the text -1 for the issue: 'syntax error'.  Update the text accordingly.
Type 'man IMPVL-209' for more detail.
**ERROR: (IMPVL-209):	In Verilog file 'mips.v', check line 10 near the text : for the issue: 'syntax error'.  Update the text accordingly.
Type 'man IMPVL-209' for more detail.
**WARN: (EMS-27):	Message (IMPVL-209) has exceeded the current message display limit of 20.
To increase the message display limit, refer to the product command reference manual.
Verilog file 'mips.v' has errors!  See above.

*** Memory Usage v#1 (Current mem = 548.312M, initial mem = 182.438M) ***
#- End Load netlist data ... (date=06/15 11:27:00, total cpu=0:00:00.0, real=0:00:00.0, peak res=105.5M, current mem=548.3M)
**ERROR: **ERROR: (IMPVL-902):	Failed to read netlist mips.v. See previous error messages for details.  Resolve the issues and reload the design.

<CMD> set init_gnd_net VSS
<CMD> set init_lef_file ~matutani/lib/cells.lef
<CMD> set init_verilog mips.vnet
<CMD> set init_mmmc_file Default.view
<CMD> set init_top_cell mips
<CMD> set init_pwr_net VDD
<CMD> init_design
#- Begin Load MMMC data ... (date=06/15 11:29:06, mem=549.3M)
The existing analysis_view 'default' has been replaced with new attributes.
INFO: New setup and hold views overwrite old settings during design initialization
#- End Load MMMC data ... (date=06/15 11:29:06, total cpu=0:00:00.0, real=0:00:00.0, peak res=107.0M, current mem=550.8M)

Loading LEF file /home/staff2/matutani/lib/cells.lef ...
**WARN: (IMPLF-119):	LAYER 'poly' has been found in the database. Its content except ANTENNA* data will be ignored.
Review the LEF files specified in the init_lef_file variable and remove redundant definitions.
Type 'man IMPLF-119' for more detail.
**WARN: (IMPLF-119):	LAYER 'active' has been found in the database. Its content except ANTENNA* data will be ignored.
Review the LEF files specified in the init_lef_file variable and remove redundant definitions.
Type 'man IMPLF-119' for more detail.
**WARN: (IMPLF-119):	LAYER 'metal1' has been found in the database. Its content except ANTENNA* data will be ignored.
Review the LEF files specified in the init_lef_file variable and remove redundant definitions.
Type 'man IMPLF-119' for more detail.
**WARN: (IMPLF-119):	LAYER 'via1' has been found in the database. Its content except ANTENNA* data will be ignored.
Review the LEF files specified in the init_lef_file variable and remove redundant definitions.
Type 'man IMPLF-119' for more detail.
**WARN: (IMPLF-119):	LAYER 'metal2' has been found in the database. Its content except ANTENNA* data will be ignored.
Review the LEF files specified in the init_lef_file variable and remove redundant definitions.
Type 'man IMPLF-119' for more detail.
**WARN: (IMPLF-119):	LAYER 'via2' has been found in the database. Its content except ANTENNA* data will be ignored.
Review the LEF files specified in the init_lef_file variable and remove redundant definitions.
Type 'man IMPLF-119' for more detail.
**WARN: (IMPLF-119):	LAYER 'metal3' has been found in the database. Its content except ANTENNA* data will be ignored.
Review the LEF files specified in the init_lef_file variable and remove redundant definitions.
Type 'man IMPLF-119' for more detail.
**WARN: (IMPLF-119):	LAYER 'via3' has been found in the database. Its content except ANTENNA* data will be ignored.
Review the LEF files specified in the init_lef_file variable and remove redundant definitions.
Type 'man IMPLF-119' for more detail.
**WARN: (IMPLF-119):	LAYER 'metal4' has been found in the database. Its content except ANTENNA* data will be ignored.
Review the LEF files specified in the init_lef_file variable and remove redundant definitions.
Type 'man IMPLF-119' for more detail.
**WARN: (IMPLF-119):	LAYER 'via4' has been found in the database. Its content except ANTENNA* data will be ignored.
Review the LEF files specified in the init_lef_file variable and remove redundant definitions.
Type 'man IMPLF-119' for more detail.
**WARN: (IMPLF-119):	LAYER 'metal5' has been found in the database. Its content except ANTENNA* data will be ignored.
Review the LEF files specified in the init_lef_file variable and remove redundant definitions.
Type 'man IMPLF-119' for more detail.
**WARN: (IMPLF-119):	LAYER 'via5' has been found in the database. Its content except ANTENNA* data will be ignored.
Review the LEF files specified in the init_lef_file variable and remove redundant definitions.
Type 'man IMPLF-119' for more detail.
**WARN: (IMPLF-119):	LAYER 'metal6' has been found in the database. Its content except ANTENNA* data will be ignored.
Review the LEF files specified in the init_lef_file variable and remove redundant definitions.
Type 'man IMPLF-119' for more detail.
**WARN: (IMPLF-119):	LAYER 'via6' has been found in the database. Its content except ANTENNA* data will be ignored.
Review the LEF files specified in the init_lef_file variable and remove redundant definitions.
Type 'man IMPLF-119' for more detail.
**WARN: (IMPLF-119):	LAYER 'metal7' has been found in the database. Its content except ANTENNA* data will be ignored.
Review the LEF files specified in the init_lef_file variable and remove redundant definitions.
Type 'man IMPLF-119' for more detail.
**WARN: (IMPLF-119):	LAYER 'via7' has been found in the database. Its content except ANTENNA* data will be ignored.
Review the LEF files specified in the init_lef_file variable and remove redundant definitions.
Type 'man IMPLF-119' for more detail.
**WARN: (IMPLF-119):	LAYER 'metal8' has been found in the database. Its content except ANTENNA* data will be ignored.
Review the LEF files specified in the init_lef_file variable and remove redundant definitions.
Type 'man IMPLF-119' for more detail.
**WARN: (IMPLF-119):	LAYER 'via8' has been found in the database. Its content except ANTENNA* data will be ignored.
Review the LEF files specified in the init_lef_file variable and remove redundant definitions.
Type 'man IMPLF-119' for more detail.
**WARN: (IMPLF-119):	LAYER 'metal9' has been found in the database. Its content except ANTENNA* data will be ignored.
Review the LEF files specified in the init_lef_file variable and remove redundant definitions.
Type 'man IMPLF-119' for more detail.
**WARN: (IMPLF-119):	LAYER 'via9' has been found in the database. Its content except ANTENNA* data will be ignored.
Review the LEF files specified in the init_lef_file variable and remove redundant definitions.
Type 'man IMPLF-119' for more detail.
**WARN: (EMS-27):	Message (IMPLF-119) has exceeded the current message display limit of 20.
To increase the message display limit, refer to the product command reference manual.
**ERROR: (IMPLF-223):	The LEF via 'via1_4' has been defined and found in the database. The current definition will be ignored. Review the LEF files to ensure that you have not specified duplicate LEF files, or LEF files with duplicate VIA definitions.
Type 'man IMPLF-223' for more detail.
**ERROR: (IMPLF-223):	The LEF via 'via1_0' has been defined and found in the database. The current definition will be ignored. Review the LEF files to ensure that you have not specified duplicate LEF files, or LEF files with duplicate VIA definitions.
Type 'man IMPLF-223' for more detail.
**ERROR: (IMPLF-223):	The LEF via 'via1_1' has been defined and found in the database. The current definition will be ignored. Review the LEF files to ensure that you have not specified duplicate LEF files, or LEF files with duplicate VIA definitions.
Type 'man IMPLF-223' for more detail.
**ERROR: (IMPLF-223):	The LEF via 'via1_2' has been defined and found in the database. The current definition will be ignored. Review the LEF files to ensure that you have not specified duplicate LEF files, or LEF files with duplicate VIA definitions.
Type 'man IMPLF-223' for more detail.
**ERROR: (IMPLF-223):	The LEF via 'via1_3' has been defined and found in the database. The current definition will be ignored. Review the LEF files to ensure that you have not specified duplicate LEF files, or LEF files with duplicate VIA definitions.
Type 'man IMPLF-223' for more detail.
**ERROR: (IMPLF-223):	The LEF via 'via1_5' has been defined and found in the database. The current definition will be ignored. Review the LEF files to ensure that you have not specified duplicate LEF files, or LEF files with duplicate VIA definitions.
Type 'man IMPLF-223' for more detail.
**ERROR: (IMPLF-223):	The LEF via 'via1_6' has been defined and found in the database. The current definition will be ignored. Review the LEF files to ensure that you have not specified duplicate LEF files, or LEF files with duplicate VIA definitions.
Type 'man IMPLF-223' for more detail.
**ERROR: (IMPLF-223):	The LEF via 'via1_7' has been defined and found in the database. The current definition will be ignored. Review the LEF files to ensure that you have not specified duplicate LEF files, or LEF files with duplicate VIA definitions.
Type 'man IMPLF-223' for more detail.
**ERROR: (IMPLF-223):	The LEF via 'via1_8' has been defined and found in the database. The current definition will be ignored. Review the LEF files to ensure that you have not specified duplicate LEF files, or LEF files with duplicate VIA definitions.
Type 'man IMPLF-223' for more detail.
**ERROR: (IMPLF-223):	The LEF via 'via2_8' has been defined and found in the database. The current definition will be ignored. Review the LEF files to ensure that you have not specified duplicate LEF files, or LEF files with duplicate VIA definitions.
Type 'man IMPLF-223' for more detail.
**ERROR: (IMPLF-223):	The LEF via 'via2_4' has been defined and found in the database. The current definition will be ignored. Review the LEF files to ensure that you have not specified duplicate LEF files, or LEF files with duplicate VIA definitions.
Type 'man IMPLF-223' for more detail.
**ERROR: (IMPLF-223):	The LEF via 'via2_5' has been defined and found in the database. The current definition will be ignored. Review the LEF files to ensure that you have not specified duplicate LEF files, or LEF files with duplicate VIA definitions.
Type 'man IMPLF-223' for more detail.
**ERROR: (IMPLF-223):	The LEF via 'via2_7' has been defined and found in the database. The current definition will be ignored. Review the LEF files to ensure that you have not specified duplicate LEF files, or LEF files with duplicate VIA definitions.
Type 'man IMPLF-223' for more detail.
**ERROR: (IMPLF-223):	The LEF via 'via2_6' has been defined and found in the database. The current definition will be ignored. Review the LEF files to ensure that you have not specified duplicate LEF files, or LEF files with duplicate VIA definitions.
Type 'man IMPLF-223' for more detail.
**ERROR: (IMPLF-223):	The LEF via 'via2_0' has been defined and found in the database. The current definition will be ignored. Review the LEF files to ensure that you have not specified duplicate LEF files, or LEF files with duplicate VIA definitions.
Type 'man IMPLF-223' for more detail.
**ERROR: (IMPLF-223):	The LEF via 'via2_1' has been defined and found in the database. The current definition will be ignored. Review the LEF files to ensure that you have not specified duplicate LEF files, or LEF files with duplicate VIA definitions.
Type 'man IMPLF-223' for more detail.
**ERROR: (IMPLF-223):	The LEF via 'via2_2' has been defined and found in the database. The current definition will be ignored. Review the LEF files to ensure that you have not specified duplicate LEF files, or LEF files with duplicate VIA definitions.
Type 'man IMPLF-223' for more detail.
**ERROR: (IMPLF-223):	The LEF via 'via2_3' has been defined and found in the database. The current definition will be ignored. Review the LEF files to ensure that you have not specified duplicate LEF files, or LEF files with duplicate VIA definitions.
Type 'man IMPLF-223' for more detail.
**ERROR: (IMPLF-223):	The LEF via 'via3_2' has been defined and found in the database. The current definition will be ignored. Review the LEF files to ensure that you have not specified duplicate LEF files, or LEF files with duplicate VIA definitions.
Type 'man IMPLF-223' for more detail.
**ERROR: (IMPLF-223):	The LEF via 'via3_0' has been defined and found in the database. The current definition will be ignored. Review the LEF files to ensure that you have not specified duplicate LEF files, or LEF files with duplicate VIA definitions.
Type 'man IMPLF-223' for more detail.
**WARN: (EMS-27):	Message (IMPLF-223) has exceeded the current message display limit of 20.
To increase the message display limit, refer to the product command reference manual.
**WARN: (IMPLF-151):	The viaRule 'Via1Array-0' has been defined, the content will be skipped.
**WARN: (IMPLF-151):	The viaRule 'Via1Array-1' has been defined, the content will be skipped.
**WARN: (IMPLF-151):	The viaRule 'Via1Array-2' has been defined, the content will be skipped.
**WARN: (IMPLF-151):	The viaRule 'Via1Array-3' has been defined, the content will be skipped.
**WARN: (IMPLF-151):	The viaRule 'Via1Array-4' has been defined, the content will be skipped.
**WARN: (IMPLF-151):	The viaRule 'Via2Array-0' has been defined, the content will be skipped.
**WARN: (IMPLF-151):	The viaRule 'Via2Array-1' has been defined, the content will be skipped.
**WARN: (IMPLF-151):	The viaRule 'Via2Array-2' has been defined, the content will be skipped.
**WARN: (IMPLF-151):	The viaRule 'Via2Array-3' has been defined, the content will be skipped.
**WARN: (IMPLF-151):	The viaRule 'Via2Array-4' has been defined, the content will be skipped.
**WARN: (IMPLF-151):	The viaRule 'Via3Array-0' has been defined, the content will be skipped.
**WARN: (IMPLF-151):	The viaRule 'Via3Array-1' has been defined, the content will be skipped.
**WARN: (IMPLF-151):	The viaRule 'Via3Array-2' has been defined, the content will be skipped.
**WARN: (IMPLF-151):	The viaRule 'Via4Array-0' has been defined, the content will be skipped.
**WARN: (IMPLF-151):	The viaRule 'Via5Array-0' has been defined, the content will be skipped.
**WARN: (IMPLF-151):	The viaRule 'Via6Array-0' has been defined, the content will be skipped.
**WARN: (IMPLF-151):	The viaRule 'Via7Array-0' has been defined, the content will be skipped.
**WARN: (IMPLF-151):	The viaRule 'Via8Array-0' has been defined, the content will be skipped.
**WARN: (IMPLF-151):	The viaRule 'Via9Array-0' has been defined, the content will be skipped.
**WARN: (IMPLF-58):	MACRO 'AND2_X1' has been found in the database. Its content except DENSITY and PIN ANTENNA* data will be ignored.
Review the LEF files specified in the init_lef_file variable and remove redundant definitions.
Type 'man IMPLF-58' for more detail.
**WARN: (IMPLF-58):	MACRO 'AND2_X2' has been found in the database. Its content except DENSITY and PIN ANTENNA* data will be ignored.
Review the LEF files specified in the init_lef_file variable and remove redundant definitions.
Type 'man IMPLF-58' for more detail.
**WARN: (IMPLF-58):	MACRO 'AND2_X4' has been found in the database. Its content except DENSITY and PIN ANTENNA* data will be ignored.
Review the LEF files specified in the init_lef_file variable and remove redundant definitions.
Type 'man IMPLF-58' for more detail.
**WARN: (IMPLF-58):	MACRO 'AND3_X1' has been found in the database. Its content except DENSITY and PIN ANTENNA* data will be ignored.
Review the LEF files specified in the init_lef_file variable and remove redundant definitions.
Type 'man IMPLF-58' for more detail.
**WARN: (IMPLF-58):	MACRO 'AND3_X2' has been found in the database. Its content except DENSITY and PIN ANTENNA* data will be ignored.
Review the LEF files specified in the init_lef_file variable and remove redundant definitions.
Type 'man IMPLF-58' for more detail.
**WARN: (IMPLF-58):	MACRO 'AND3_X4' has been found in the database. Its content except DENSITY and PIN ANTENNA* data will be ignored.
Review the LEF files specified in the init_lef_file variable and remove redundant definitions.
Type 'man IMPLF-58' for more detail.
**WARN: (IMPLF-58):	MACRO 'AND4_X1' has been found in the database. Its content except DENSITY and PIN ANTENNA* data will be ignored.
Review the LEF files specified in the init_lef_file variable and remove redundant definitions.
Type 'man IMPLF-58' for more detail.
**WARN: (IMPLF-58):	MACRO 'AND4_X2' has been found in the database. Its content except DENSITY and PIN ANTENNA* data will be ignored.
Review the LEF files specified in the init_lef_file variable and remove redundant definitions.
Type 'man IMPLF-58' for more detail.
**WARN: (IMPLF-58):	MACRO 'AND4_X4' has been found in the database. Its content except DENSITY and PIN ANTENNA* data will be ignored.
Review the LEF files specified in the init_lef_file variable and remove redundant definitions.
Type 'man IMPLF-58' for more detail.
**WARN: (IMPLF-58):	MACRO 'ANTENNA_X1' has been found in the database. Its content except DENSITY and PIN ANTENNA* data will be ignored.
Review the LEF files specified in the init_lef_file variable and remove redundant definitions.
Type 'man IMPLF-58' for more detail.
**WARN: (IMPLF-58):	MACRO 'AOI211_X1' has been found in the database. Its content except DENSITY and PIN ANTENNA* data will be ignored.
Review the LEF files specified in the init_lef_file variable and remove redundant definitions.
Type 'man IMPLF-58' for more detail.
**WARN: (IMPLF-58):	MACRO 'AOI211_X2' has been found in the database. Its content except DENSITY and PIN ANTENNA* data will be ignored.
Review the LEF files specified in the init_lef_file variable and remove redundant definitions.
Type 'man IMPLF-58' for more detail.
**WARN: (IMPLF-58):	MACRO 'AOI211_X4' has been found in the database. Its content except DENSITY and PIN ANTENNA* data will be ignored.
Review the LEF files specified in the init_lef_file variable and remove redundant definitions.
Type 'man IMPLF-58' for more detail.
**WARN: (IMPLF-58):	MACRO 'AOI21_X1' has been found in the database. Its content except DENSITY and PIN ANTENNA* data will be ignored.
Review the LEF files specified in the init_lef_file variable and remove redundant definitions.
Type 'man IMPLF-58' for more detail.
**WARN: (IMPLF-58):	MACRO 'AOI21_X2' has been found in the database. Its content except DENSITY and PIN ANTENNA* data will be ignored.
Review the LEF files specified in the init_lef_file variable and remove redundant definitions.
Type 'man IMPLF-58' for more detail.
**WARN: (IMPLF-58):	MACRO 'AOI21_X4' has been found in the database. Its content except DENSITY and PIN ANTENNA* data will be ignored.
Review the LEF files specified in the init_lef_file variable and remove redundant definitions.
Type 'man IMPLF-58' for more detail.
**WARN: (IMPLF-58):	MACRO 'AOI221_X1' has been found in the database. Its content except DENSITY and PIN ANTENNA* data will be ignored.
Review the LEF files specified in the init_lef_file variable and remove redundant definitions.
Type 'man IMPLF-58' for more detail.
**WARN: (IMPLF-58):	MACRO 'AOI221_X2' has been found in the database. Its content except DENSITY and PIN ANTENNA* data will be ignored.
Review the LEF files specified in the init_lef_file variable and remove redundant definitions.
Type 'man IMPLF-58' for more detail.
**WARN: (IMPLF-58):	MACRO 'AOI221_X4' has been found in the database. Its content except DENSITY and PIN ANTENNA* data will be ignored.
Review the LEF files specified in the init_lef_file variable and remove redundant definitions.
Type 'man IMPLF-58' for more detail.
**WARN: (IMPLF-58):	MACRO 'AOI222_X1' has been found in the database. Its content except DENSITY and PIN ANTENNA* data will be ignored.
Review the LEF files specified in the init_lef_file variable and remove redundant definitions.
Type 'man IMPLF-58' for more detail.
**WARN: (EMS-27):	Message (IMPLF-58) has exceeded the current message display limit of 20.
To increase the message display limit, refer to the product command reference manual.
**WARN: (IMPLF-61):	134 duplicated MACRO definitions have been found in the LEF file(s). Their content except DENSITY and PIN ANTENNA* data have been ignored.
Review the LEF files specified in the init_lef_file variable and remove redundant definitions.
Type 'man IMPLF-61' for more detail.
Loading view definition file from Default.view
*** End library_loading (cpu=0.00min, mem=0.0M, fe_cpu=0.66min, fe_real=6.58min, fe_mem=548.3M) ***
#- Begin Load netlist data ... (date=06/15 11:29:06, mem=548.3M)
*** Begin netlist parsing (mem=548.3M) ***
Created 0 new cells from 1 timing libraries.
Reading netlist ...
Backslashed names will retain backslash and a trailing blank character.
**ERROR: (IMPVL-209):	In Verilog file 'mips.vnet', check line 1 near the text # for the issue: 'syntax error'.  Update the text accordingly.
Type 'man IMPVL-209' for more detail.
**ERROR: (IMPVL-209):	In Verilog file 'mips.vnet', check line 1 near the text REGBITS for the issue: 'syntax error'.  Update the text accordingly.
Type 'man IMPVL-209' for more detail.
**ERROR: (IMPVL-209):	In Verilog file 'mips.vnet', check line 1 near the text ) for the issue: 'syntax error'.  Update the text accordingly.
Type 'man IMPVL-209' for more detail.
**ERROR: (IMPVL-209):	In Verilog file 'mips.vnet', check line 1 near the text regmux for the issue: 'syntax error'.  Update the text accordingly.
Type 'man IMPVL-209' for more detail.
**ERROR: (IMPVL-209):	In Verilog file 'mips.vnet', check line 1 near the text instr for the issue: 'syntax error'.  Update the text accordingly.
Type 'man IMPVL-209' for more detail.
**ERROR: (IMPVL-209):	In Verilog file 'mips.vnet', check line 1 near the text [ for the issue: 'syntax error'.  Update the text accordingly.
Type 'man IMPVL-209' for more detail.
**ERROR: (IMPVL-209):	In Verilog file 'mips.vnet', check line 1 near the text REGBITS for the issue: 'syntax error'.  Update the text accordingly.
Type 'man IMPVL-209' for more detail.
**ERROR: (IMPVL-209):	In Verilog file 'mips.vnet', check line 1 near the text + for the issue: 'syntax error'.  Update the text accordingly.
Type 'man IMPVL-209' for more detail.
**ERROR: (IMPVL-209):	In Verilog file 'mips.vnet', check line 1 near the text 15 for the issue: 'syntax error'.  Update the text accordingly.
Type 'man IMPVL-209' for more detail.
**ERROR: (IMPVL-209):	In Verilog file 'mips.vnet', check line 1 near the text : for the issue: 'syntax error'.  Update the text accordingly.
Type 'man IMPVL-209' for more detail.
**ERROR: (IMPVL-209):	In Verilog file 'mips.vnet', check line 1 near the text 16 for the issue: 'syntax error'.  Update the text accordingly.
Type 'man IMPVL-209' for more detail.
**ERROR: (IMPVL-209):	In Verilog file 'mips.vnet', check line 1 near the text ] for the issue: 'syntax error'.  Update the text accordingly.
Type 'man IMPVL-209' for more detail.
**ERROR: (IMPVL-209):	In Verilog file 'mips.vnet', check line 1 near the text , for the issue: 'syntax error'.  Update the text accordingly.
Type 'man IMPVL-209' for more detail.
**ERROR: (IMPVL-209):	In Verilog file 'mips.vnet', check line 1 near the text instr for the issue: 'syntax error'.  Update the text accordingly.
Type 'man IMPVL-209' for more detail.
**ERROR: (IMPVL-209):	In Verilog file 'mips.vnet', check line 1 near the text [ for the issue: 'syntax error'.  Update the text accordingly.
Type 'man IMPVL-209' for more detail.
**ERROR: (IMPVL-209):	In Verilog file 'mips.vnet', check line 1 near the text REGBITS for the issue: 'syntax error'.  Update the text accordingly.
Type 'man IMPVL-209' for more detail.
**ERROR: (IMPVL-209):	In Verilog file 'mips.vnet', check line 1 near the text + for the issue: 'syntax error'.  Update the text accordingly.
Type 'man IMPVL-209' for more detail.
**ERROR: (IMPVL-209):	In Verilog file 'mips.vnet', check line 1 near the text 10 for the issue: 'syntax error'.  Update the text accordingly.
Type 'man IMPVL-209' for more detail.
**ERROR: (IMPVL-209):	In Verilog file 'mips.vnet', check line 1 near the text : for the issue: 'syntax error'.  Update the text accordingly.
Type 'man IMPVL-209' for more detail.
**ERROR: (IMPVL-209):	In Verilog file 'mips.vnet', check line 1 near the text 11 for the issue: 'syntax error'.  Update the text accordingly.
Type 'man IMPVL-209' for more detail.
**WARN: (EMS-27):	Message (IMPVL-209) has exceeded the current message display limit of 20.
To increase the message display limit, refer to the product command reference manual.
**FATAL ERROR: [/vols/cm_t1nb_006/INNOVUS162/Rel/16.21/main/lnx86_64_opt/16.21-s078_1/fe/src/vl/vlVerilogLex.l:1006:vlVerilog_yyerror]: Too many errors in verilog file mips.vnet ... aborting
Exiting due to previous fatal error.
